11, 9/9, 2, 1/3, 2, 1, NONE, reachable, 262
13, 9/9, 1, 1/3, 2, 1, NONE, reachable, 221
31, 9/9, 1, 1/3, 2, 1, NONE, reachable, 277
13, 9/9, 1, 1/3, 2, 1, NONE, reachable, 361
14, 9/9, 1, 1/3, 2, 1, NONE, reachable, 202
25, 9/9, 2, 1/3, 2, 1, NONE, reachable, 216
15, 9/9, 1, 1/3, 2, 1, NONE, reachable, 378
16, 9/9, 2, 1/3, 2, 1, NONE, reachable, 213
14, 9/9, 2, 1/3, 2, 1, NONE, reachable, 210
21, 9/9, 2, 1/3, 2, 1, NONE, reachable, 381
12, 9/9, 1, 1/3, 2, 1, NONE, reachable, 208
13, 9/9, 1, 1/3, 2, 1, NONE, reachable, 204
14, 9/9, 1, 1/3, 2, 1, NONE, reachable, 376
10, 9/9, 2, 1/3, 2, 1, NONE, reachable, 220
13, 9/9, 1, 1/3, 2, 1, NONE, reachable, 213
21, 9/9, 2, 1/3, 2, 1, NONE, reachable, 389
15, 9/9, 1, 1/3, 2, 1, NONE, reachable, 214
14, 9/9, 12, 9/9, 1, 1/3, 2, 1, NONE, reachable, 213
13, 9/9, 1, 1/3, 2, 1, NONE, reachable, 220
12, 9/9, 1, 1/3, 2, 1, NONE, reachable, 210
13, 9/9, 1, 1/3, 2, 1, NONE, reachable, 266
13, 9/9, 2, 1/3, 2, 1, NONE, reachable, 211
14, 9/9, 2, 1/3, 2, 1, NONE, reachable, 210
12, 9/9, 1, 1/3, 2, 1, NONE, reachable, 308
13, 9/9, 1, 1/3, 2, 1, NONE, reachable, 201
14, 9/9, 1, 1/3, 2, 1, NONE, reachable, 212
13, 9/9, 2, 1/3, 2, 1, NONE, reachable, 309
14, 9/9, 1, 1/3, 2, 1, NONE, reachable, 208
13, 9/9, 1, 1/3, 2, 1, NONE, reachable, 219
21, 9/9, 1, 1/3, 2, 1, NONE, reachable, 314
15, 9/9, 2, 1/3, 2, 1, NONE, reachable, 202
23, 9/9, 1, 1/3, 2, 1, NONE, reachable, 213
14, 9/9, 1, 1/3, 2, 1, NONE, reachable, 324
13, 9/9, 2, 1/3, 2, 1, NONE, reachable, 209
13, 9/9, 1, 1/3, 2, 1, NONE, reachable, 211
12, 9/9, 2, 1/3, 2, 1, NONE, reachable, 318
13, 9/9, 1, 1/3, 2, 1, NONE, reachable, 207
19, 9/9, 1, 1/3, 2, 1, NONE, reachable, 206
14, 9/9, 1, 1/3, 2, 1, NONE, reachable, 328
14, 9/9, 2, 1/3, 2, 1, 14, 9/9, 1, 1/3, 2, 1, NONE, reachable, 213
11, 9/9, 2, 1/3, 2, 1, NONE, reachable, 357
18, 9/9, 2, 1/3, 2, 1, NONE, reachable, 219
12, 9/9, 1, 1/3, 2, 1, NONE, reachable, 208
15, 9/9, 1, 1/3, 2, 1, NONE, reachable, 322
14, 9/9, 2, 1/3, 2, 1, NONE, reachable, 206
19, 9/9, 2, 1/3, 2, 1, NONE, reachable, 211
17, 9/9, 1, 1/3, 2, 1, NONE, reachable, 367
13, 9/9, 1, 1/3, 2, 1, NONE, reachable, 208
14, 9/9, 2, 1/3, 2, 1, NONE, reachable, 216
14, 9/9, 1, 1/3, 2, 1, NONE, reachable, 372
15, 9/9, 2, 1/3, 2, 1, NONE, reachable, 207
14, 9/9, 2, 1/3, 2, 1, NONE, reachable, 196
12, 9/9, 1, 1/3, 2, 1, NONE, reachable, 370
14, 9/9, 2, 1/3, 2, 1, NONE, reachable, 207
12, 9/9, 2, 1/3, 2, 1, NONE, reachable, 198
12, 9/9, 1, 1/3, 2, 1, NONE, reachable, 304
12, 9/9, 1, 1/3, 2, 1, NONE, reachable, 209
12, 9/9, 2, 1/3, 2, 1, NONE, reachable, 199
14, 9/9, 2, 1/3, 2, 1, NONE, reachable, 312
14, 9/9, 2, 1/3, 2, 1, NONE, reachable, 213
14, 9/9, 1, 1/3, 2, 1, NONE, reachable, 200
13, 9/9, 2, 1/3, 2, 1, NONE, reachable, 320
17, 9/9, 2, 1/3, 2, 1, NONE, reachable, 197
14, 9/9, 2, 1/3, 2, 1, NONE, reachable, 215
13, 9/9, 2, 1/3, 2, 1, NONE, reachable, 324
13, 9/9, 1, 1/3, 2, 1, NONE, reachable, 213
19, 9/9, 1, 1/3, 2, 1, NONE, reachable, 208
13, 9/9, 1, 1/3, 2, 1, NONE, reachable, 322
15, 9/9, 1, 1/3, 2, 1, NONE, reachable, 226
18, 9/9, 2, 1/3, 2, 1, NONE, reachable, 183
14, 9/9, 1, 1/3, 2, 1, NONE, reachable, 246
17, 9/9, 1, 1/3, 2, 1, NONE, reachable, 189
10, 9/9, 1, 1/3, 2, 1, NONE, reachable, 246
11, 9/9, 2, 1/3, 2, 1, NONE, reachable, 182
13, 9/9, 1, 1/3, 2, 1, NONE, reachable, 187
13, 9/9, 2, 1/3, 2, 1, NONE, reachable, 379
12, 9/9, 2, 1/3, 2, 1, NONE, reachable, 192
13, 9/9, 1, 1/3, 2, 1, NONE, reachable, 184
19, 9/9, 1, 1/3, 2, 1, NONE, reachable, 191
13, 9/9, 1, 1/3, 2, 1, NONE, reachable, 174
52, 9/9, 1, 1/3, 2, 1, NONE, reachable, 300
13, 9/9, 1, 1/3, 2, 1, NONE, reachable, 186
16, 9/9, 1, 1/3, 2, 1, NONE, reachable, 175
15, 9/9, 2, 1/3, 2, 1, NONE, reachable, 261
12, 9/9, 1, 1/3, 2, 1, NONE, reachable, 181
26, 9/9, 2, 1/3, 2, 1, NONE, reachable, 235
12, 9/9, 2, 1/3, 2, 1, NONE, reachable, 182
20, 9/9, 1, 1/3, 2, 1, NONE, reachable, 188
15, 9/9, 1, 1/3, 2, 1, NONE, reachable, 354
20, 9/9, 1, 1/3, 2, 1, NONE, reachable, 187
13, 9/9, 1, 1/3, 2, 1, NONE, reachable, 183
16, 9/9, 1, 1/3, 2, 1, NONE, reachable, 177
14, 9/9, 2, 1/3, 2, 1, NONE, reachable, 184
52, 9/9, 1, 1/3, 2, 1, NONE, reachable, 305
13, 9/9, 2, 1/3, 2, 1, NONE, reachable, 247
38, 9/9, 2, 1/3, 2, 1, NONE, reachable, 268
12, 9/9, 1, 1/3, 2, 1, NONE, reachable, 197
11, 9/9, 2, 1/3, 2, 1, NONE, reachable, 196
13, 9/9, 2, 1/3, 2, 1, NONE, reachable, 216
16, 9/9, 2, 1/3, 2, 1, NONE, reachable, 213
16, 9/9, 2, 1/3, 2, 1, NONE, reachable, 217
15, 9/9, 1, 1/3, 2, 1, NONE, reachable, 279
13, 9/9, 2, 1/3, 2, 1, NONE, reachable, 211
14, 9/9, 1, 1/3, 2, 1, NONE, reachable, 209
21, 9/9, 1, 1/3, 2, 1, NONE, reachable, 310
15, 9/9, 1, 1/3, 2, 1, NONE, reachable, 213
12, 9/9, 1, 1/3, 2, 1, NONE, reachable, 207
15, 9/9, 1, 1/3, 2, 1, NONE, reachable, 380
14, 9/9, 2, 1/3, 2, 1, NONE, reachable, 202
12, 9/9, 1, 1/3, 2, 1, NONE, reachable, 203
19, 9/9, 1, 1/3, 2, 1, NONE, reachable, 397
14, 9/9, 1, 1/3, 2, 1, NONE, reachable, 214
13, 9/9, 1, 1/3, 2, 1, NONE, reachable, 208
12, 9/9, 1, 1/3, 2, 1, NONE, reachable, 355
12, 9/9, 2, 1/3, 2, 1, NONE, reachable, 199
17, 9/9, 1, 1/3, 2, 1, NONE, reachable, 207
20, 9/9, 1, 1/3, 2, 1, NONE, reachable, 339
15, 9/9, 2, 1/3, 2, 1, NONE, reachable, 207
18, 9/9, 1, 1/3, 2, 1, NONE, reachable, 208
14, 9/9, 1, 1/3, 2, 1, NONE, reachable, 321
23, 9/9, 2, 1/3, 2, 1, NONE, reachable, 217
17, 9/9, 1, 1/3, 2, 1, NONE, reachable, 199
29, 9/9, 2, 1/3, 2, 1, NONE, reachable, 323
13, 9/9, 1, 1/3, 2, 1, NONE, reachable, 213
13, 9/9, 1, 1/3, 2, 1, NONE, reachable, 201
14, 9/9, 1, 1/3, 2, 1, NONE, reachable, 327
14, 9/9, 2, 1/3, 2, 1, NONE, reachable, 210
13, 9/9, 2, 1/3, 2, 1, NONE, reachable, 206
14, 9/9, 1, 1/3, 2, 1, NONE, reachable, 277
13, 9/9, 1, 1/3, 2, 1, NONE, reachable, 212
12, 9/9, 1, 1/3, 2, 1, NONE, reachable, 207
14, 9/9, 1, 1/3, 2, 1, NONE, reachable, 321
13, 9/9, 2, 1/3, 2, 1, NONE, reachable, 213
14, 9/9, 1, 1/3, 2, 1, NONE, reachable, 208
12, 9/9, 1, 1/3, 2, 1, NONE, reachable, 317
13, 9/9, 1, 1/3, 2, 1, NONE, reachable, 209
12, 9/9, 1, 1/3, 2, 1, NONE, reachable, 209
15, 9/9, 1, 1/3, 2, 1, NONE, reachable, 318
14, 9/9, 1, 1/3, 2, 1, NONE, reachable, 205
14, 9/9, 2, 1/3, 2, 1, NONE, reachable, 207
14, 9/9, 1, 1/3, 2, 1, NONE, reachable, 338
14, 9/9, 1, 1/3, 2, 1, NONE, reachable, 206
19, 9/9, 2, 1/3, 2, 1, NONE, reachable, 211
13, 9/9, 2, 1/3, 2, 1, NONE, reachable, 324
13, 9/9, 1, 1/3, 2, 1, NONE, reachable, 208
14, 9/9, 2, 1/3, 2, 1, NONE, reachable, 333
55, 9/9, 2, 1/3, 2, 1, NONE, reachable, 447
23, 17/20, 2, 1/4, 2, 1, NONE, reachable, 245
28, 17/20, 53, 1/4, 2, 1, NONE, reachable, 408
93, 17/20, 10, 1/4, 2, 1, NONE, reachable, 419
29, 17/20, 1, 1/4, 2, 1, NONE, reachable, 223
23, 17/20, 6, 1/4, 2, 1, NONE, reachable, 229
18, 17/20, 11, 1/4, 2, 1, NONE, reachable, 259
23, 17/20, 2, 1/4, 2, 1, NONE, reachable, 347
22, 17/20, 2, 1/4, 2, 1, NONE, reachable, 223
21, 17/20, 11, 1/4, 2, 1, NONE, reachable, 221
23, 17/20, 64, 1/4, 2, 1, NONE, reachable, 393
20, 17/20, 11, 1/4, 2, 1, NONE, reachable, 222
31, 17/20, 12, 1/4, 2, 1, NONE, reachable, 224
19, 17/20, 62, 1/4, 2, 1, NONE, reachable, 392
33, 17/20, 1, 1/4, 2, 1, NONE, reachable, 232
21, 17/20, 14, 1/4, 2, 1, NONE, reachable, 216
23, 17/20, 52, 1/4, 2, 1, NONE, reachable, 388
18, 17/20, 11, 1/4, 2, 1, NONE, reachable, 222
23, 17/20, 11, 1/4, 2, 1, NONE, reachable, 225
24, 17/20, 20, 1/4, 2, 1, NONE, reachable, 383
22, 17/20, 11, 1/4, 2, 1, NONE, reachable, 222
24, 17/20, 11, 1/4, 2, 1, NONE, reachable, 224
99, 78/87, 3, 78/78, 1048576, 20, NONE, reachable, 815
96, 78/87, 70, 78/78, 1048576, 20, NONE, reachable, 809
91, 78/87, 2, 78/78, 1048576, 20, NONE, reachable, 916
78, 78/87, 38, 78/78, 1048576, 20, NONE, reachable, 745
185, 78/87, 3, 78/78, 1048576, 20, NONE, reachable, 795
89, 78/87, 32, 78/78, 1048576, 20, NONE, reachable, 629
81, 78/87, 2, 78/78, 1048576, 20, NONE, reachable, 712
104, 78/87, 2, 78/78, 1048576, 20, NONE, reachable, 744
84, 78/87, 3, 78/78, 1048576, 20, NONE, reachable, 780
79, 78/87, 3, 78/78, 1048576, 20, NONE, reachable, 493
86, 78/87, 2, 78/78, 1048576, 20, NONE, reachable, 694
87, 78/87, 2, 78/78, 1048576, 20, NONE, reachable, 710
87, 78/87, 38, 78/78, 1048576, 20, NONE, reachable, 735
166, 78/87, 40, 78/78, 1048576, 20, NONE, reachable, 717
84, 78/87, 39, 78/78, 1048576, 20, NONE, reachable, 624
93, 78/87, 2, 78/78, 1048576, 20, NONE, reachable, 730
101, 78/87, 3, 78/78, 1048576, 20, NONE, reachable, 729
90, 78/87, 3, 78/78, 1048576, 20, NONE, reachable, 740
145, 78/87, 3, 78/78, 1048576, 20, NONE, reachable, 714
75, 78/87, 3, 78/78, 1048576, 20, NONE, reachable, 583
95, 78/87, 2, 78/78, 1048576, 20, NONE, reachable, 612
102, 151/178, 33, 1/2, 2, 1, NONE, reachable, 526
2403, 15162/17686, 30, 7/43, 64, 6, NONE, reachable, 4338
14449, 151482/176796, 3, 3/36, 8, 3, NONE, reachable, 26931
58, 75/75, 2, 1/3, 2, 1, NONE, reachable, 345
67, 75/75, 2, 1/3, 2, 1, NONE, reachable, 428
22, 8/8, 1, 1/3, 2, 1, NONE, reachable, 281
17, 8/8, 1, 1/3, 2, 1, NONE, reachable, 272
25, 19/19, 26, 19/19, 32, 5, NONE, reachable, 376
57, 75/75, 2, 1/3, 2, 1, NONE, reachable, 403
101, 154/154, 3, 11/28, 128, 7, NONE, reachable, 629
152, 736/736, 2, 1/4, 2, 1, NONE, reachable, 865
273, 1885/1885, 48, 1/3, 2, 1, NONE, reachable, 1185
1930, 14857/14857, 2, 1/4, 2, 1, NONE, reachable, 4001
7156, 74324/74324, 2, 1/4, 2, 1, NONE, reachable, 13100
8300, 111800/111800, 2, 1/3, 2, 1, NONE, reachable, 15306
12176, 149156/149156, 2, 1/4, 2, 1, NONE, reachable, 20885
14, 8/8, 1, 1/3, 2, 1, NONE, reachable, 431
89, 20/21, 26, 19/19, 32, 5, NONE, reachable, 548
184, 80/87, 2, 1/3, 2, 1, NONE, reachable, 522
121, 169/176, 2, 12/29, 128, 7, NONE, reachable, 741
662, 818/871, 2, 1/4, 2, 1, NONE, reachable, 1279
1242, 2078/2200, 1, 1/3, 2, 1, NONE, reachable, 2097
2629, 16393/17535, 2, 1/4, 2, 1, NONE, reachable, 4431
10174, 78049/81206, 2, 1/4, 2, 1, NONE, reachable, 14783
14267, 120990/127711, 2, 1/3, 2, 1, NONE, reachable, 20139
19512, 164879/176062, 22, 1/4, 2, 1, NONE, reachable, 28186
398, 1694/2225, 34, 6/1414, 64, 6, NONE, reachable, 1739
913, 3384/4445, 65, 6/2824, 64, 6, NONE, reachable, 2352
1441, 5074/6665, 84, 6/4234, 64, 6, NONE, reachable, 3621
1538, 6764/8885, 130, 6/5644, 64, 6, NONE, reachable, 4194
